<?xml version="1.0" encoding="UTF-8"?>
<!-- Generated by org.testng.reporters.JUnitReportReporter -->
<testsuite hostname="DESKTOP-8KMDSOO" failures="0" tests="3" name="com.ecommerce.flipkartecommerce.testFlipkart" time="13.217" errors="0" timestamp="2022-10-18T16:29:52 IST" skipped="0">
  <testcase classname="com.ecommerce.flipkartecommerce.testFlipkart" name="loadtime" time="0.231"/>
  <system-out/>
  <testcase classname="com.ecommerce.flipkartecommerce.testFlipkart" name="search" time="6.726"/>
  <system-out/>
  <testcase classname="com.ecommerce.flipkartecommerce.testFlipkart" name="scroll" time="6.260"/>
  <system-out/>
</testsuite> <!-- com.ecommerce.flipkartecommerce.testFlipkart -->
